#
# There is insufficient memory for the Java Runtime Environment to continue.
# Native memory allocation (malloc) failed to allocate 796096 bytes for Chunk::new
# Possible reasons:
#   The system is out of physical RAM or swap space
#   The process is running with CompressedOops enabled, and the Java Heap may be blocking the growth of the native heap
# Possible solutions:
#   Reduce memory load on the system
#   Increase physical memory or swap space
#   Check if swap backing store is full
#   Decrease Java heap size (-Xmx/-Xms)
#   Decrease number of Java threads
#   Decrease Java thread stack sizes (-Xss)
#   Set larger code cache with -XX:ReservedCodeCacheSize=
#   JVM is running with Unscaled Compressed Oops mode in which the Java heap is
#     placed in the first 4GB address space. The Java Heap base address is the
#     maximum limit for the native heap growth. Please use -XX:HeapBaseMinAddress
#     to set the Java Heap base and to place the Java Heap above 4GB virtual address.
# This output file may be truncated or incomplete.
#
#  Out of Memory Error (./src/hotspot/share/memory/arena.cpp:197), pid=11592, tid=2768
#
# JRE version: OpenJDK Runtime Environment Temurin-11.0.13+8 (11.0.13+8) (build 11.0.13+8)
# Java VM: OpenJDK 64-Bit Server VM Temurin-11.0.13+8 (11.0.13+8, mixed mode, tiered, compressed oops, g1 gc, windows-amd64)
# No core dump will be written. Minidumps are not enabled by default on client versions of Windows
#

---------------  S U M M A R Y ------------

Command Line: -Dfile.encoding=windows-1252 -Duser.country=US -Duser.language=en -Duser.variant com.recolectaesp.API.ApiApplication

Host: AMD Ryzen 5 3500U with Radeon Vega Mobile Gfx  , 8 cores, 5G,  Windows 10 , 64 bit Build 22000 (10.0.22000.318)
Time: Fri Dec 17 20:25:40 2021 SA Pacific Standard Time elapsed time: 44.609025 seconds (0d 0h 0m 44s)

---------------  T H R E A D  ---------------

Current thread (0x000002866e277000):  JavaThread "C2 CompilerThread0" daemon [_thread_in_native, id=2768, stack(0x000000aa01900000,0x000000aa01a00000)]


Current CompileTask:
C2:  44609 11731       4       org.hibernate.internal.util.collections.BoundedConcurrentHashMap$Segment::get (122 bytes)

Stack: [0x000000aa01900000,0x000000aa01a00000]
Native frames: (J=compiled Java code, j=interpreted, Vv=VM code, C=native code)
V  [jvm.dll+0x61cc7a]
V  [jvm.dll+0x7a8fd9]
V  [jvm.dll+0x7aa69f]
V  [jvm.dll+0x7aad73]
V  [jvm.dll+0x24f808]
V  [jvm.dll+0xc260c]
V  [jvm.dll+0xc2bcc]
V  [jvm.dll+0x2c1644]
V  [jvm.dll+0x52beb9]
V  [jvm.dll+0x20a3f4]
V  [jvm.dll+0x207a5b]
V  [jvm.dll+0x18a011]
V  [jvm.dll+0x217599]
V  [jvm.dll+0x21578b]
V  [jvm.dll+0x76ba50]
V  [jvm.dll+0x7649d4]
V  [jvm.dll+0x61bb16]
C  [ucrtbase.dll+0x26c0c]
C  [KERNEL32.DLL+0x154e0]
C  [ntdll.dll+0x485b]


---------------  P R O C E S S  ---------------

Threads class SMR info:
_java_thread_list=0x000002866fbf67f0, length=32, elements={
0x000002866e254000, 0x000002866e25d000, 0x000002866e26f000, 0x000002866e26f800,
0x000002866e271000, 0x000002866e277000, 0x000002866e281000, 0x000002866e298800,
0x000002866ed42800, 0x0000028672053000, 0x0000028671f07000, 0x0000028671f08000,
0x0000028672ab1800, 0x0000028672ae1800, 0x00000286720e5800, 0x000002867390f800,
0x0000028672606000, 0x000002867390d000, 0x000002867390e000, 0x000002867390e800,
0x0000028673910000, 0x0000028673911000, 0x0000028673912000, 0x000002867390c000,
0x0000028673912800, 0x00000286729cf800, 0x00000286729cc000, 0x00000286729cd000,
0x00000286729d2000, 0x00000286729cd800, 0x00000286729ce800, 0x00000286729d0000
}

Java Threads: ( => current thread )
  0x000002866e254000 JavaThread "Reference Handler" daemon [_thread_blocked, id=6780, stack(0x000000aa01400000,0x000000aa01500000)]
  0x000002866e25d000 JavaThread "Finalizer" daemon [_thread_blocked, id=16984, stack(0x000000aa01500000,0x000000aa01600000)]
  0x000002866e26f000 JavaThread "Signal Dispatcher" daemon [_thread_blocked, id=13360, stack(0x000000aa01600000,0x000000aa01700000)]
  0x000002866e26f800 JavaThread "Attach Listener" daemon [_thread_blocked, id=1776, stack(0x000000aa01700000,0x000000aa01800000)]
  0x000002866e271000 JavaThread "Service Thread" daemon [_thread_blocked, id=4576, stack(0x000000aa01800000,0x000000aa01900000)]
=>0x000002866e277000 JavaThread "C2 CompilerThread0" daemon [_thread_in_native, id=2768, stack(0x000000aa01900000,0x000000aa01a00000)]
  0x000002866e281000 JavaThread "C1 CompilerThread0" daemon [_thread_blocked, id=3156, stack(0x000000aa01a00000,0x000000aa01b00000)]
  0x000002866e298800 JavaThread "Sweeper thread" daemon [_thread_blocked, id=7516, stack(0x000000aa01b00000,0x000000aa01c00000)]
  0x000002866ed42800 JavaThread "Common-Cleaner" daemon [_thread_blocked, id=15396, stack(0x000000aa01d00000,0x000000aa01e00000)]
  0x0000028672053000 JavaThread "Catalina-utility-1" [_thread_blocked, id=1932, stack(0x000000aa02500000,0x000000aa02600000)]
  0x0000028671f07000 JavaThread "Catalina-utility-2" [_thread_blocked, id=8260, stack(0x000000aa02900000,0x000000aa02a00000)]
  0x0000028671f08000 JavaThread "container-0" [_thread_blocked, id=11836, stack(0x000000aa02a00000,0x000000aa02b00000)]
  0x0000028672ab1800 JavaThread "oracle.jdbc.driver.BlockSource.ThreadedCachingBlockSource.BlockReleaser" daemon [_thread_blocked, id=11772, stack(0x000000aa02b00000,0x000000aa02c00000)]
  0x0000028672ae1800 JavaThread "InterruptTimer" daemon [_thread_blocked, id=1832, stack(0x000000aa02c00000,0x000000aa02d00000)]
  0x00000286720e5800 JavaThread "OJDBC-WORKER-THREAD-1" daemon [_thread_blocked, id=16508, stack(0x000000aa02d00000,0x000000aa02e00000)]
  0x000002867390f800 JavaThread "HikariPool-1 housekeeper" daemon [_thread_blocked, id=12444, stack(0x000000aa02e00000,0x000000aa02f00000)]
  0x0000028672606000 JavaThread "C2 CompilerThread1" daemon [_thread_in_vm, id=11960, stack(0x000000aa02f00000,0x000000aa03000000)]
  0x000002867390d000 JavaThread "File Watcher" daemon [_thread_blocked, id=8660, stack(0x000000aa03000000,0x000000aa03100000)]
  0x000002867390e000 JavaThread "Live Reload Server" daemon [_thread_in_native, id=10816, stack(0x000000aa03100000,0x000000aa03200000)]
  0x000002867390e800 JavaThread "http-nio-8080-Poller" daemon [_thread_in_native, id=3620, stack(0x000000aa03200000,0x000000aa03300000)]
  0x0000028673910000 JavaThread "http-nio-8080-Acceptor" daemon [_thread_in_native, id=6500, stack(0x000000aa03300000,0x000000aa03400000)]
  0x0000028673911000 JavaThread "http-nio-8080-exec-1" daemon [_thread_blocked, id=9488, stack(0x000000aa03400000,0x000000aa03500000)]
  0x0000028673912000 JavaThread "http-nio-8080-exec-2" daemon [_thread_blocked, id=8804, stack(0x000000aa03500000,0x000000aa03600000)]
  0x000002867390c000 JavaThread "http-nio-8080-exec-3" daemon [_thread_blocked, id=17124, stack(0x000000aa03600000,0x000000aa03700000)]
  0x0000028673912800 JavaThread "http-nio-8080-exec-4" daemon [_thread_blocked, id=13944, stack(0x000000aa03700000,0x000000aa03800000)]
  0x00000286729cf800 JavaThread "DestroyJavaVM" [_thread_blocked, id=10992, stack(0x000000aa00d00000,0x000000aa00e00000)]
  0x00000286729cc000 JavaThread "http-nio-8080-exec-5" daemon [_thread_blocked, id=17044, stack(0x000000aa01f00000,0x000000aa02000000)]
  0x00000286729cd000 JavaThread "http-nio-8080-exec-6" daemon [_thread_blocked, id=9876, stack(0x000000aa02000000,0x000000aa02100000)]
  0x00000286729d2000 JavaThread "http-nio-8080-exec-7" daemon [_thread_blocked, id=15676, stack(0x000000aa03900000,0x000000aa03a00000)]
  0x00000286729cd800 JavaThread "http-nio-8080-exec-8" daemon [_thread_blocked, id=6740, stack(0x000000aa03a00000,0x000000aa03b00000)]
  0x00000286729ce800 JavaThread "http-nio-8080-exec-9" daemon [_thread_blocked, id=17104, stack(0x000000aa03b00000,0x000000aa03c00000)]
  0x00000286729d0000 JavaThread "http-nio-8080-exec-10" daemon [_thread_blocked, id=16252, stack(0x000000aa03c00000,0x000000aa03d00000)]

Other Threads:
  0x000002866e230000 VMThread "VM Thread" [stack: 0x000000aa01300000,0x000000aa01400000] [id=8100]
  0x000002866ed41800 WatcherThread [stack: 0x000000aa01c00000,0x000000aa01d00000] [id=10324]
  0x000002864e5c1800 GCTaskThread "GC Thread#0" [stack: 0x000000aa00e00000,0x000000aa00f00000] [id=2076]
  0x000002866fa08800 GCTaskThread "GC Thread#1" [stack: 0x000000aa01e00000,0x000000aa01f00000] [id=8728]
  0x000002866f8a1800 GCTaskThread "GC Thread#2" [stack: 0x000000aa02100000,0x000000aa02200000] [id=12924]
  0x000002866f8a2000 GCTaskThread "GC Thread#3" [stack: 0x000000aa02200000,0x000000aa02300000] [id=3244]
  0x000002866fa5d000 GCTaskThread "GC Thread#4" [stack: 0x000000aa02300000,0x000000aa02400000] [id=1752]
  0x000002866fa5e000 GCTaskThread "GC Thread#5" [stack: 0x000000aa02400000,0x000000aa02500000] [id=5608]
  0x000002866fca7000 GCTaskThread "GC Thread#6" [stack: 0x000000aa02600000,0x000000aa02700000] [id=14680]
  0x000002866fa80000 GCTaskThread "GC Thread#7" [stack: 0x000000aa02700000,0x000000aa02800000] [id=17348]
  0x000002864e5ea000 ConcurrentGCThread "G1 Main Marker" [stack: 0x000000aa00f00000,0x000000aa01000000] [id=5256]
  0x000002864e5ed800 ConcurrentGCThread "G1 Conc#0" [stack: 0x000000aa01000000,0x000000aa01100000] [id=1796]
  0x0000028670138800 ConcurrentGCThread "G1 Conc#1" [stack: 0x000000aa02800000,0x000000aa02900000] [id=16196]
  0x000002864e677000 ConcurrentGCThread "G1 Refine#0" [stack: 0x000000aa01100000,0x000000aa01200000] [id=17260]
  0x000002864e678000 ConcurrentGCThread "G1 Young RemSet Sampling" [stack: 0x000000aa01200000,0x000000aa01300000] [id=4516]

Threads with active compile tasks:
C2 CompilerThread0  44687 11731       4       org.hibernate.internal.util.collections.BoundedConcurrentHashMap$Segment::get (122 bytes)
C2 CompilerThread1  44687 11761       4       org.springframework.transaction.interceptor.AbstractFallbackTransactionAttributeSource::getTransactionAttribute (186 bytes)

VM state:not at safepoint (normal execution)

VM Mutex/Monitor currently owned by a thread: None

Heap address: 0x00000000a1400000, size: 1516 MB, Compressed Oops mode: 32-bit
Narrow klass base: 0x0000000000000000, Narrow klass shift: 3
Compressed class space size: 1073741824 Address: 0x0000000100000000

Heap:
 garbage-first heap   total 98304K, used 39922K [0x00000000a1400000, 0x0000000100000000)
  region size 1024K, 12 young (12288K), 2 survivors (2048K)
 Metaspace       used 80244K, capacity 82305K, committed 82560K, reserved 1122304K
  class space    used 9702K, capacity 10516K, committed 10624K, reserved 1048576K
Heap Regions: E=young(eden), S=young(survivor), O=old, HS=humongous(starts), HC=humongous(continues), CS=collection set, F=free, A=archive, TAMS=top-at-mark-start (previous, next)
|   0|0x00000000a1400000, 0x00000000a1500000, 0x00000000a1500000|100%|HS|  |TAMS 0x00000000a1500000, 0x00000000a1400000| Complete 
|   1|0x00000000a1500000, 0x00000000a1600000, 0x00000000a1600000|100%| O|  |TAMS 0x00000000a1600000, 0x00000000a1500000| Untracked 
|   2|0x00000000a1600000, 0x00000000a1700000, 0x00000000a1700000|100%| O|  |TAMS 0x00000000a1700000, 0x00000000a1600000| Untracked 
|   3|0x00000000a1700000, 0x00000000a1800000, 0x00000000a1800000|100%| O|  |TAMS 0x00000000a1800000, 0x00000000a1700000| Untracked 
|   4|0x00000000a1800000, 0x00000000a1900000, 0x00000000a1900000|100%| O|  |TAMS 0x00000000a1900000, 0x00000000a1800000| Untracked 
|   5|0x00000000a1900000, 0x00000000a1a00000, 0x00000000a1a00000|100%| O|  |TAMS 0x00000000a1a00000, 0x00000000a1900000| Untracked 
|   6|0x00000000a1a00000, 0x00000000a1b00000, 0x00000000a1b00000|100%| O|  |TAMS 0x00000000a1b00000, 0x00000000a1a00000| Untracked 
|   7|0x00000000a1b00000, 0x00000000a1c00000, 0x00000000a1c00000|100%| O|  |TAMS 0x00000000a1c00000, 0x00000000a1b00000| Untracked 
|   8|0x00000000a1c00000, 0x00000000a1d00000, 0x00000000a1d00000|100%| O|  |TAMS 0x00000000a1d00000, 0x00000000a1c00000| Untracked 
|   9|0x00000000a1d00000, 0x00000000a1e00000, 0x00000000a1e00000|100%| O|  |TAMS 0x00000000a1e00000, 0x00000000a1d00000| Untracked 
|  10|0x00000000a1e00000, 0x00000000a1f00000, 0x00000000a1f00000|100%| O|  |TAMS 0x00000000a1f00000, 0x00000000a1e00000| Untracked 
|  11|0x00000000a1f00000, 0x00000000a2000000, 0x00000000a2000000|100%| O|  |TAMS 0x00000000a2000000, 0x00000000a1f00000| Untracked 
|  12|0x00000000a2000000, 0x00000000a2100000, 0x00000000a2100000|100%| O|  |TAMS 0x00000000a2100000, 0x00000000a2000000| Untracked 
|  13|0x00000000a2100000, 0x00000000a2200000, 0x00000000a2200000|100%| O|  |TAMS 0x00000000a2200000, 0x00000000a2100000| Untracked 
|  14|0x00000000a2200000, 0x00000000a2300000, 0x00000000a2300000|100%| O|  |TAMS 0x00000000a2300000, 0x00000000a2200000| Untracked 
|  15|0x00000000a2300000, 0x00000000a2400000, 0x00000000a2400000|100%| O|  |TAMS 0x00000000a2333600, 0x00000000a2300000| Untracked 
|  16|0x00000000a2400000, 0x00000000a2500000, 0x00000000a2500000|100%| O|  |TAMS 0x00000000a2400000, 0x00000000a2400000| Untracked 
|  17|0x00000000a2500000, 0x00000000a2600000, 0x00000000a2600000|100%| O|  |TAMS 0x00000000a2500000, 0x00000000a2500000| Untracked 
|  18|0x00000000a2600000, 0x00000000a2700000, 0x00000000a2700000|100%| O|  |TAMS 0x00000000a2600000, 0x00000000a2600000| Untracked 
|  19|0x00000000a2700000, 0x00000000a2800000, 0x00000000a2800000|100%| O|  |TAMS 0x00000000a2700000, 0x00000000a2700000| Untracked 
|  20|0x00000000a2800000, 0x00000000a2900000, 0x00000000a2900000|100%| O|  |TAMS 0x00000000a2800000, 0x00000000a2800000| Untracked 
|  21|0x00000000a2900000, 0x00000000a2a00000, 0x00000000a2a00000|100%| O|  |TAMS 0x00000000a2900000, 0x00000000a2900000| Untracked 
|  22|0x00000000a2a00000, 0x00000000a2b00000, 0x00000000a2b00000|100%| O|  |TAMS 0x00000000a2a00000, 0x00000000a2a00000| Untracked 
|  23|0x00000000a2b00000, 0x00000000a2c00000, 0x00000000a2c00000|100%| O|  |TAMS 0x00000000a2b00000, 0x00000000a2b00000| Untracked 
|  24|0x00000000a2c00000, 0x00000000a2d00000, 0x00000000a2d00000|100%| O|  |TAMS 0x00000000a2c00000, 0x00000000a2c00000| Untracked 
|  25|0x00000000a2d00000, 0x00000000a2e00000, 0x00000000a2e00000|100%| O|  |TAMS 0x00000000a2d00000, 0x00000000a2d00000| Untracked 
|  26|0x00000000a2e00000, 0x00000000a2f00000, 0x00000000a2f00000|100%| O|  |TAMS 0x00000000a2e00000, 0x00000000a2e00000| Untracked 
|  27|0x00000000a2f00000, 0x00000000a3000000, 0x00000000a3000000|100%| O|  |TAMS 0x00000000a2f00000, 0x00000000a2f00000| Untracked 
|  28|0x00000000a3000000, 0x00000000a3099200, 0x00000000a3100000| 59%| O|  |TAMS 0x00000000a3000000, 0x00000000a3000000| Untracked 
|  29|0x00000000a3100000, 0x00000000a3100000, 0x00000000a3200000|  0%| F|  |TAMS 0x00000000a3100000, 0x00000000a3100000| Untracked 
|  30|0x00000000a3200000, 0x00000000a3200000, 0x00000000a3300000|  0%| F|  |TAMS 0x00000000a3200000, 0x00000000a3200000| Untracked 
|  31|0x00000000a3300000, 0x00000000a3300000, 0x00000000a3400000|  0%| F|  |TAMS 0x00000000a3300000, 0x00000000a3300000| Untracked 
|  32|0x00000000a3400000, 0x00000000a3400000, 0x00000000a3500000|  0%| F|  |TAMS 0x00000000a3400000, 0x00000000a3400000| Untracked 
|  33|0x00000000a3500000, 0x00000000a3500000, 0x00000000a3600000|  0%| F|  |TAMS 0x00000000a3500000, 0x00000000a3500000| Untracked 
|  34|0x00000000a3600000, 0x00000000a3600000, 0x00000000a3700000|  0%| F|  |TAMS 0x00000000a3600000, 0x00000000a3600000| Untracked 
|  35|0x00000000a3700000, 0x00000000a3700000, 0x00000000a3800000|  0%| F|  |TAMS 0x00000000a3700000, 0x00000000a3700000| Untracked 
|  36|0x00000000a3800000, 0x00000000a3800000, 0x00000000a3900000|  0%| F|  |TAMS 0x00000000a3800000, 0x00000000a3800000| Untracked 
|  37|0x00000000a3900000, 0x00000000a3900000, 0x00000000a3a00000|  0%| F|  |TAMS 0x00000000a3900000, 0x00000000a3900000| Untracked 
|  38|0x00000000a3a00000, 0x00000000a3a00000, 0x00000000a3b00000|  0%| F|  |TAMS 0x00000000a3a00000, 0x00000000a3a00000| Untracked 
|  39|0x00000000a3b00000, 0x00000000a3b00000, 0x00000000a3c00000|  0%| F|  |TAMS 0x00000000a3b00000, 0x00000000a3b00000| Untracked 
|  40|0x00000000a3c00000, 0x00000000a3c00000, 0x00000000a3d00000|  0%| F|  |TAMS 0x00000000a3c00000, 0x00000000a3c00000| Untracked 
|  41|0x00000000a3d00000, 0x00000000a3d00000, 0x00000000a3e00000|  0%| F|  |TAMS 0x00000000a3d00000, 0x00000000a3d00000| Untracked 
|  42|0x00000000a3e00000, 0x00000000a3e639f0, 0x00000000a3f00000| 38%| S|CS|TAMS 0x00000000a3e00000, 0x00000000a3e00000| Complete 
|  43|0x00000000a3f00000, 0x00000000a4000000, 0x00000000a4000000|100%| S|CS|TAMS 0x00000000a3f00000, 0x00000000a3f00000| Complete 
|  44|0x00000000a4000000, 0x00000000a4000000, 0x00000000a4100000|  0%| F|  |TAMS 0x00000000a4000000, 0x00000000a4000000| Untracked 
|  45|0x00000000a4100000, 0x00000000a4100000, 0x00000000a4200000|  0%| F|  |TAMS 0x00000000a4100000, 0x00000000a4100000| Untracked 
|  46|0x00000000a4200000, 0x00000000a4200000, 0x00000000a4300000|  0%| F|  |TAMS 0x00000000a4200000, 0x00000000a4200000| Untracked 
|  47|0x00000000a4300000, 0x00000000a4300000, 0x00000000a4400000|  0%| F|  |TAMS 0x00000000a4300000, 0x00000000a4300000| Untracked 
|  48|0x00000000a4400000, 0x00000000a4400000, 0x00000000a4500000|  0%| F|  |TAMS 0x00000000a4400000, 0x00000000a4400000| Untracked 
|  49|0x00000000a4500000, 0x00000000a4500000, 0x00000000a4600000|  0%| F|  |TAMS 0x00000000a4500000, 0x00000000a4500000| Untracked 
|  50|0x00000000a4600000, 0x00000000a4600000, 0x00000000a4700000|  0%| F|  |TAMS 0x00000000a4600000, 0x00000000a4600000| Untracked 
|  51|0x00000000a4700000, 0x00000000a4700000, 0x00000000a4800000|  0%| F|  |TAMS 0x00000000a4700000, 0x00000000a4700000| Untracked 
|  52|0x00000000a4800000, 0x00000000a4800000, 0x00000000a4900000|  0%| F|  |TAMS 0x00000000a4800000, 0x00000000a4800000| Untracked 
|  53|0x00000000a4900000, 0x00000000a4900000, 0x00000000a4a00000|  0%| F|  |TAMS 0x00000000a4900000, 0x00000000a4900000| Untracked 
|  54|0x00000000a4a00000, 0x00000000a4a00000, 0x00000000a4b00000|  0%| F|  |TAMS 0x00000000a4a00000, 0x00000000a4a00000| Untracked 
|  55|0x00000000a4b00000, 0x00000000a4b00000, 0x00000000a4c00000|  0%| F|  |TAMS 0x00000000a4b00000, 0x00000000a4b00000| Untracked 
|  56|0x00000000a4c00000, 0x00000000a4c00000, 0x00000000a4d00000|  0%| F|  |TAMS 0x00000000a4c00000, 0x00000000a4c00000| Untracked 
|  57|0x00000000a4d00000, 0x00000000a4d00000, 0x00000000a4e00000|  0%| F|  |TAMS 0x00000000a4d00000, 0x00000000a4d00000| Untracked 
|  58|0x00000000a4e00000, 0x00000000a4e00000, 0x00000000a4f00000|  0%| F|  |TAMS 0x00000000a4e00000, 0x00000000a4e00000| Untracked 
|  59|0x00000000a4f00000, 0x00000000a4f00000, 0x00000000a5000000|  0%| F|  |TAMS 0x00000000a4f00000, 0x00000000a4f00000| Untracked 
|  60|0x00000000a5000000, 0x00000000a5000000, 0x00000000a5100000|  0%| F|  |TAMS 0x00000000a5000000, 0x00000000a5000000| Untracked 
|  61|0x00000000a5100000, 0x00000000a5100000, 0x00000000a5200000|  0%| F|  |TAMS 0x00000000a5100000, 0x00000000a5100000| Untracked 
|  62|0x00000000a5200000, 0x00000000a5200000, 0x00000000a5300000|  0%| F|  |TAMS 0x00000000a5200000, 0x00000000a5200000| Untracked 
|  63|0x00000000a5300000, 0x00000000a5300000, 0x00000000a5400000|  0%| F|  |TAMS 0x00000000a5300000, 0x00000000a5300000| Untracked 
|  64|0x00000000a5400000, 0x00000000a5400000, 0x00000000a5500000|  0%| F|  |TAMS 0x00000000a5400000, 0x00000000a5400000| Untracked 
|  65|0x00000000a5500000, 0x00000000a5500000, 0x00000000a5600000|  0%| F|  |TAMS 0x00000000a5500000, 0x00000000a5500000| Untracked 
|  66|0x00000000a5600000, 0x00000000a5600000, 0x00000000a5700000|  0%| F|  |TAMS 0x00000000a5600000, 0x00000000a5600000| Untracked 
|  67|0x00000000a5700000, 0x00000000a5700000, 0x00000000a5800000|  0%| F|  |TAMS 0x00000000a5700000, 0x00000000a5700000| Untracked 
|  68|0x00000000a5800000, 0x00000000a5800000, 0x00000000a5900000|  0%| F|  |TAMS 0x00000000a5800000, 0x00000000a5800000| Untracked 
|  69|0x00000000a5900000, 0x00000000a5900000, 0x00000000a5a00000|  0%| F|  |TAMS 0x00000000a5900000, 0x00000000a5900000| Untracked 
|  70|0x00000000a5a00000, 0x00000000a5a00000, 0x00000000a5b00000|  0%| F|  |TAMS 0x00000000a5a00000, 0x00000000a5a00000| Untracked 
|  71|0x00000000a5b00000, 0x00000000a5b00000, 0x00000000a5c00000|  0%| F|  |TAMS 0x00000000a5b00000, 0x00000000a5b00000| Untracked 
|  72|0x00000000a5c00000, 0x00000000a5c00000, 0x00000000a5d00000|  0%| F|  |TAMS 0x00000000a5c00000, 0x00000000a5c00000| Untracked 
|  73|0x00000000a5d00000, 0x00000000a5d00000, 0x00000000a5e00000|  0%| F|  |TAMS 0x00000000a5d00000, 0x00000000a5d00000| Untracked 
|  74|0x00000000a5e00000, 0x00000000a5e00000, 0x00000000a5f00000|  0%| F|  |TAMS 0x00000000a5e00000, 0x00000000a5e00000| Untracked 
|  75|0x00000000a5f00000, 0x00000000a5f00000, 0x00000000a6000000|  0%| F|  |TAMS 0x00000000a5f00000, 0x00000000a5f00000| Untracked 
|  76|0x00000000a6000000, 0x00000000a6000000, 0x00000000a6100000|  0%| F|  |TAMS 0x00000000a6000000, 0x00000000a6000000| Untracked 
|  77|0x00000000a6100000, 0x00000000a6100000, 0x00000000a6200000|  0%| F|  |TAMS 0x00000000a6100000, 0x00000000a6100000| Untracked 
|  78|0x00000000a6200000, 0x00000000a6200000, 0x00000000a6300000|  0%| F|  |TAMS 0x00000000a6200000, 0x00000000a6200000| Untracked 
|  79|0x00000000a6300000, 0x00000000a6300000, 0x00000000a6400000|  0%| F|  |TAMS 0x00000000a6300000, 0x00000000a6300000| Untracked 
|  80|0x00000000a6400000, 0x00000000a6400000, 0x00000000a6500000|  0%| F|  |TAMS 0x00000000a6400000, 0x00000000a6400000| Untracked 
|  81|0x00000000a6500000, 0x00000000a6500000, 0x00000000a6600000|  0%| F|  |TAMS 0x00000000a6500000, 0x00000000a6500000| Untracked 
|  82|0x00000000a6600000, 0x00000000a6600000, 0x00000000a6700000|  0%| F|  |TAMS 0x00000000a6600000, 0x00000000a6600000| Untracked 
|  83|0x00000000a6700000, 0x00000000a6700000, 0x00000000a6800000|  0%| F|  |TAMS 0x00000000a6700000, 0x00000000a6700000| Untracked 
|  84|0x00000000a6800000, 0x00000000a6800000, 0x00000000a6900000|  0%| F|  |TAMS 0x00000000a6800000, 0x00000000a6800000| Untracked 
|  85|0x00000000a6900000, 0x00000000a6900000, 0x00000000a6a00000|  0%| F|  |TAMS 0x00000000a6900000, 0x00000000a6900000| Untracked 
|  86|0x00000000a6a00000, 0x00000000a6ab8ba0, 0x00000000a6b00000| 72%| E|  |TAMS 0x00000000a6a00000, 0x00000000a6a00000| Complete 
|  87|0x00000000a6b00000, 0x00000000a6c00000, 0x00000000a6c00000|100%| E|CS|TAMS 0x00000000a6b00000, 0x00000000a6b00000| Complete 
|  88|0x00000000a6c00000, 0x00000000a6d00000, 0x00000000a6d00000|100%| E|CS|TAMS 0x00000000a6c00000, 0x00000000a6c00000| Complete 
|  89|0x00000000a6d00000, 0x00000000a6e00000, 0x00000000a6e00000|100%| E|CS|TAMS 0x00000000a6d00000, 0x00000000a6d00000| Complete 
|  90|0x00000000a6e00000, 0x00000000a6f00000, 0x00000000a6f00000|100%| E|CS|TAMS 0x00000000a6e00000, 0x00000000a6e00000| Complete 
|  91|0x00000000a6f00000, 0x00000000a7000000, 0x00000000a7000000|100%| E|CS|TAMS 0x00000000a6f00000, 0x00000000a6f00000| Complete 
|  92|0x00000000a7000000, 0x00000000a7100000, 0x00000000a7100000|100%| E|CS|TAMS 0x00000000a7000000, 0x00000000a7000000| Complete 
|  93|0x00000000a7100000, 0x00000000a7200000, 0x00000000a7200000|100%| E|CS|TAMS 0x00000000a7100000, 0x00000000a7100000| Complete 
|  94|0x00000000a7200000, 0x00000000a7300000, 0x00000000a7300000|100%| E|CS|TAMS 0x00000000a7200000, 0x00000000a7200000| Complete 
|  95|0x00000000a7300000, 0x00000000a7400000, 0x00000000a7400000|100%| E|CS|TAMS 0x00000000a7300000, 0x00000000a7300000| Complete 

Card table byte_map: [0x0000028668240000,0x0000028668540000] _byte_map_base: 0x0000028667d36000

Marking Bits (Prev, Next): (CMBitMap*) 0x000002864e5e3610, (CMBitMap*) 0x000002864e5e35d8
 Prev Bits: [0x0000028669ff0000, 0x000002866b7a0000)
 Next Bits: [0x0000028668840000, 0x0000028669ff0000)

Polling page: 0x000002864e680000

Metaspace:

Usage:
  Non-class:     70.11 MB capacity,    68.89 MB ( 98%) used,   982.76 KB (  1%) free+waste,   264.31 KB ( <1%) overhead. 
      Class:     10.27 MB capacity,     9.48 MB ( 92%) used,   692.59 KB (  7%) free+waste,   120.75 KB (  1%) overhead. 
       Both:     80.38 MB capacity,    78.36 MB ( 97%) used,     1.64 MB (  2%) free+waste,   385.06 KB ( <1%) overhead. 

Virtual space:
  Non-class space:       72.00 MB reserved,      70.25 MB ( 98%) committed 
      Class space:        1.00 GB reserved,      10.38 MB (  1%) committed 
             Both:        1.07 GB reserved,      80.63 MB (  7%) committed 

Chunk freelists:
   Non-Class:  19.00 KB
       Class:  12.00 KB
        Both:  31.00 KB

MaxMetaspaceSize: 17179869184.00 GB
CompressedClassSpaceSize: 1.00 GB
Initial GC threshold: 20.80 MB
Current GC threshold: 98.34 MB
CDS: off

CodeHeap 'non-profiled nmethods': size=120000Kb used=7470Kb max_used=8129Kb free=112529Kb
 bounds [0x000002865ffb0000, 0x00000286607b0000, 0x00000286674e0000]
CodeHeap 'profiled nmethods': size=120000Kb used=24051Kb max_used=26398Kb free=95948Kb
 bounds [0x0000028658a80000, 0x000002865a450000, 0x000002865ffb0000]
CodeHeap 'non-nmethods': size=5760Kb used=1361Kb max_used=1429Kb free=4398Kb
 bounds [0x00000286584e0000, 0x0000028658750000, 0x0000028658a80000]
 total_blobs=11473 nmethods=10801 adapters=583
 compilation: enabled
              stopped_count=0, restarted_count=0
 full_count=0

Compilation events (20 events):
Event: 44.440 Thread 0x0000028672606000 nmethod 11747 0x0000028660798690 code [0x00000286607988a0, 0x0000028660798e18]
Event: 44.440 Thread 0x0000028672606000 11729       4       org.springframework.web.util.pattern.PathPattern$$Lambda$1092/0x0000000100991040::applyAsInt (8 bytes)
Event: 44.441 Thread 0x0000028672606000 nmethod 11729 0x0000028660799690 code [0x0000028660799820, 0x00000286607998b8]
Event: 44.442 Thread 0x0000028672606000 11737       4       oracle.jdbc.driver.OraclePreparedStatement::createDMSSensors (210 bytes)
Event: 44.451 Thread 0x000002866e277000 nmethod 11734 0x0000028660799990 code [0x0000028660799be0, 0x000002866079a8c8]
Event: 44.451 Thread 0x0000028672606000 nmethod 11737 0x000002866079b710 code [0x000002866079b8c0, 0x000002866079bc78]
Event: 44.452 Thread 0x0000028672606000 11748   !   4       oracle.jdbc.driver.CancelLock::exitExecuting (284 bytes)
Event: 44.452 Thread 0x000002866e277000 11749       4       ch.qos.logback.classic.pattern.MessageConverter::convert (9 bytes)
Event: 44.455 Thread 0x000002866e277000 nmethod 11749 0x000002866079be10 code [0x000002866079bfa0, 0x000002866079c138]
Event: 44.455 Thread 0x000002866e277000 11753       4       org.apache.coyote.http11.Http11OutputBuffer::nextRequest (74 bytes)
Event: 44.463 Thread 0x000002866e277000 nmethod 11753 0x000002866079c290 code [0x000002866079c440, 0x000002866079c728]
Event: 44.463 Thread 0x000002866e277000 11731       4       org.hibernate.internal.util.collections.BoundedConcurrentHashMap$Segment::get (122 bytes)
Event: 44.534 Thread 0x0000028672606000 nmethod 11748 0x000002866079ca10 code [0x000002866079cc40, 0x000002866079e030]
Event: 44.535 Thread 0x0000028672606000 11754       4       org.hibernate.query.internal.QueryImpl::<init> (43 bytes)
Event: 44.586 Thread 0x0000028672606000 nmethod 11754 0x000002866079e790 code [0x000002866079ea00, 0x000002866079f8f8]
Event: 44.587 Thread 0x0000028672606000 11756       4       oracle.jdbc.driver.PhysicalConnection::clearWarnings (10 bytes)
Event: 44.590 Thread 0x0000028672606000 nmethod 11756 0x00000286607a0110 code [0x00000286607a02a0, 0x00000286607a0378]
Event: 44.590 Thread 0x0000028672606000 11742       4       org.apache.catalina.connector.RequestFacade::getSession (54 bytes)
Event: 44.592 Thread 0x0000028672606000 nmethod 11742 0x00000286607a0410 code [0x00000286607a05c0, 0x00000286607a0688]
Event: 44.592 Thread 0x0000028672606000 11739       4       com.fasterxml.jackson.core.json.UTF8JsonGenerator::writeFieldName (202 bytes)

GC Heap History (20 events):
Event: 28.691 GC heap before
{Heap before GC invocations=19 (full 0):
 garbage-first heap   total 98304K, used 80683K [0x00000000a1400000, 0x0000000100000000)
  region size 1024K, 51 young (52224K), 2 survivors (2048K)
 Metaspace       used 80126K, capacity 82235K, committed 82560K, reserved 1122304K
  class space    used 9688K, capacity 10514K, committed 10624K, reserved 1048576K
}
Event: 28.697 GC heap after
{Heap after GC invocations=20 (full 0):
 garbage-first heap   total 98304K, used 30453K [0x00000000a1400000, 0x0000000100000000)
  region size 1024K, 2 young (2048K), 2 survivors (2048K)
 Metaspace       used 80126K, capacity 82235K, committed 82560K, reserved 1122304K
  class space    used 9688K, capacity 10514K, committed 10624K, reserved 1048576K
}
Event: 30.426 GC heap before
{Heap before GC invocations=20 (full 0):
 garbage-first heap   total 98304K, used 81653K [0x00000000a1400000, 0x0000000100000000)
  region size 1024K, 52 young (53248K), 2 survivors (2048K)
 Metaspace       used 80126K, capacity 82235K, committed 82560K, reserved 1122304K
  class space    used 9688K, capacity 10514K, committed 10624K, reserved 1048576K
}
Event: 30.431 GC heap after
{Heap after GC invocations=21 (full 0):
 garbage-first heap   total 98304K, used 30516K [0x00000000a1400000, 0x0000000100000000)
  region size 1024K, 2 young (2048K), 2 survivors (2048K)
 Metaspace       used 80126K, capacity 82235K, committed 82560K, reserved 1122304K
  class space    used 9688K, capacity 10514K, committed 10624K, reserved 1048576K
}
Event: 32.377 GC heap before
{Heap before GC invocations=21 (full 0):
 garbage-first heap   total 98304K, used 82740K [0x00000000a1400000, 0x0000000100000000)
  region size 1024K, 53 young (54272K), 2 survivors (2048K)
 Metaspace       used 80132K, capacity 82235K, committed 82560K, reserved 1122304K
  class space    used 9688K, capacity 10514K, committed 10624K, reserved 1048576K
}
Event: 32.383 GC heap after
{Heap after GC invocations=22 (full 0):
 garbage-first heap   total 98304K, used 30523K [0x00000000a1400000, 0x0000000100000000)
  region size 1024K, 2 young (2048K), 2 survivors (2048K)
 Metaspace       used 80132K, capacity 82235K, committed 82560K, reserved 1122304K
  class space    used 9688K, capacity 10514K, committed 10624K, reserved 1048576K
}
Event: 33.788 GC heap before
{Heap before GC invocations=22 (full 0):
 garbage-first heap   total 98304K, used 82747K [0x00000000a1400000, 0x0000000100000000)
  region size 1024K, 53 young (54272K), 2 survivors (2048K)
 Metaspace       used 80133K, capacity 82235K, committed 82560K, reserved 1122304K
  class space    used 9688K, capacity 10514K, committed 10624K, reserved 1048576K
}
Event: 33.795 GC heap after
{Heap after GC invocations=23 (full 0):
 garbage-first heap   total 98304K, used 30531K [0x00000000a1400000, 0x0000000100000000)
  region size 1024K, 2 young (2048K), 2 survivors (2048K)
 Metaspace       used 80133K, capacity 82235K, committed 82560K, reserved 1122304K
  class space    used 9688K, capacity 10514K, committed 10624K, reserved 1048576K
}
Event: 35.632 GC heap before
{Heap before GC invocations=23 (full 0):
 garbage-first heap   total 98304K, used 83779K [0x00000000a1400000, 0x0000000100000000)
  region size 1024K, 54 young (55296K), 2 survivors (2048K)
 Metaspace       used 80227K, capacity 82305K, committed 82560K, reserved 1122304K
  class space    used 9700K, capacity 10516K, committed 10624K, reserved 1048576K
}
Event: 35.638 GC heap after
{Heap after GC invocations=24 (full 0):
 garbage-first heap   total 98304K, used 30695K [0x00000000a1400000, 0x0000000100000000)
  region size 1024K, 2 young (2048K), 2 survivors (2048K)
 Metaspace       used 80227K, capacity 82305K, committed 82560K, reserved 1122304K
  class space    used 9700K, capacity 10516K, committed 10624K, reserved 1048576K
}
Event: 37.572 GC heap before
{Heap before GC invocations=24 (full 0):
 garbage-first heap   total 98304K, used 83943K [0x00000000a1400000, 0x0000000100000000)
  region size 1024K, 54 young (55296K), 2 survivors (2048K)
 Metaspace       used 80227K, capacity 82305K, committed 82560K, reserved 1122304K
  class space    used 9700K, capacity 10516K, committed 10624K, reserved 1048576K
}
Event: 37.579 GC heap after
{Heap after GC invocations=25 (full 0):
 garbage-first heap   total 98304K, used 30693K [0x00000000a1400000, 0x0000000100000000)
  region size 1024K, 2 young (2048K), 2 survivors (2048K)
 Metaspace       used 80227K, capacity 82305K, committed 82560K, reserved 1122304K
  class space    used 9700K, capacity 10516K, committed 10624K, reserved 1048576K
}
Event: 39.511 GC heap before
{Heap before GC invocations=25 (full 0):
 garbage-first heap   total 98304K, used 83941K [0x00000000a1400000, 0x0000000100000000)
  region size 1024K, 54 young (55296K), 2 survivors (2048K)
 Metaspace       used 80231K, capacity 82305K, committed 82560K, reserved 1122304K
  class space    used 9700K, capacity 10516K, committed 10624K, reserved 1048576K
}
Event: 39.519 GC heap after
{Heap after GC invocations=26 (full 0):
 garbage-first heap   total 98304K, used 30736K [0x00000000a1400000, 0x0000000100000000)
  region size 1024K, 2 young (2048K), 2 survivors (2048K)
 Metaspace       used 80231K, capacity 82305K, committed 82560K, reserved 1122304K
  class space    used 9700K, capacity 10516K, committed 10624K, reserved 1048576K
}
Event: 41.132 GC heap before
{Heap before GC invocations=26 (full 0):
 garbage-first heap   total 98304K, used 83984K [0x00000000a1400000, 0x0000000100000000)
  region size 1024K, 54 young (55296K), 2 survivors (2048K)
 Metaspace       used 80237K, capacity 82305K, committed 82560K, reserved 1122304K
  class space    used 9700K, capacity 10516K, committed 10624K, reserved 1048576K
}
Event: 41.139 GC heap after
{Heap after GC invocations=27 (full 0):
 garbage-first heap   total 98304K, used 30752K [0x00000000a1400000, 0x0000000100000000)
  region size 1024K, 2 young (2048K), 2 survivors (2048K)
 Metaspace       used 80237K, capacity 82305K, committed 82560K, reserved 1122304K
  class space    used 9700K, capacity 10516K, committed 10624K, reserved 1048576K
}
Event: 42.930 GC heap before
{Heap before GC invocations=27 (full 0):
 garbage-first heap   total 98304K, used 84000K [0x00000000a1400000, 0x0000000100000000)
  region size 1024K, 54 young (55296K), 2 survivors (2048K)
 Metaspace       used 80240K, capacity 82305K, committed 82560K, reserved 1122304K
  class space    used 9701K, capacity 10516K, committed 10624K, reserved 1048576K
}
Event: 42.936 GC heap after
{Heap after GC invocations=28 (full 0):
 garbage-first heap   total 98304K, used 30645K [0x00000000a1400000, 0x0000000100000000)
  region size 1024K, 2 young (2048K), 2 survivors (2048K)
 Metaspace       used 80240K, capacity 82305K, committed 82560K, reserved 1122304K
  class space    used 9701K, capacity 10516K, committed 10624K, reserved 1048576K
}
Event: 44.432 GC heap before
{Heap before GC invocations=28 (full 0):
 garbage-first heap   total 98304K, used 83893K [0x00000000a1400000, 0x0000000100000000)
  region size 1024K, 54 young (55296K), 2 survivors (2048K)
 Metaspace       used 80241K, capacity 82305K, committed 82560K, reserved 1122304K
  class space    used 9701K, capacity 10516K, committed 10624K, reserved 1048576K
}
Event: 44.438 GC heap after
{Heap after GC invocations=29 (full 0):
 garbage-first heap   total 98304K, used 30706K [0x00000000a1400000, 0x0000000100000000)
  region size 1024K, 2 young (2048K), 2 survivors (2048K)
 Metaspace       used 80241K, capacity 82305K, committed 82560K, reserved 1122304K
  class space    used 9701K, capacity 10516K, committed 10624K, reserved 1048576K
}

Deoptimization events (20 events):
Event: 39.219 Thread 0x00000286729ce800 DEOPT PACKING pc=0x000002865a21c023 sp=0x000000aa03bfeba0
Event: 39.219 Thread 0x00000286729ce800 DEOPT UNPACKING pc=0x000002865852a95e sp=0x000000aa03bfdfd8 mode 0
Event: 39.323 Thread 0x00000286729ce800 DEOPT PACKING pc=0x0000028659888eb5 sp=0x000000aa03bfeb70
Event: 39.323 Thread 0x00000286729ce800 DEOPT UNPACKING pc=0x000002865852a95e sp=0x000000aa03bfe028 mode 0
Event: 42.870 Thread 0x00000286729cd000 Uncommon trap: trap_request=0xffffff5c fr.pc=0x000002866064f7e4 relative=0x0000000000004fa4
Event: 42.870 Thread 0x00000286729cd000 Uncommon trap: reason=speculate_null_assert action=make_not_entrant pc=0x000002866064f7e4 method=org.springframework.transaction.interceptor.TransactionAspectSupport.determineTransactionManager(Lorg/springframework/transaction/interceptor/TransactionAttri
Event: 42.870 Thread 0x00000286729cd000 DEOPT PACKING pc=0x000002866064f7e4 sp=0x000000aa020fbcb0
Event: 42.870 Thread 0x00000286729cd000 DEOPT UNPACKING pc=0x000002865852a1af sp=0x000000aa020fbc30 mode 2
Event: 42.872 Thread 0x00000286729cd000 Uncommon trap: trap_request=0xffffff4d fr.pc=0x00000286605bd860 relative=0x00000000000010a0
Event: 42.872 Thread 0x00000286729cd000 Uncommon trap: reason=unstable_if action=reinterpret pc=0x00000286605bd860 method=oracle.jdbc.driver.T4CTTIoac.unmarshal()V @ 201 c2
Event: 42.872 Thread 0x00000286729cd000 DEOPT PACKING pc=0x00000286605bd860 sp=0x000000aa020f9fc0
Event: 42.872 Thread 0x00000286729cd000 DEOPT UNPACKING pc=0x000002865852a1af sp=0x000000aa020f9fa8 mode 2
Event: 42.872 Thread 0x00000286729cd000 Uncommon trap: trap_request=0xffffffc6 fr.pc=0x00000286606b336c relative=0x00000000000009cc
Event: 42.872 Thread 0x00000286729cd000 Uncommon trap: reason=bimorphic_or_optimized_type_check action=maybe_recompile pc=0x00000286606b336c method=org.springframework.data.repository.core.support.QueryExecutionResultHandler.getOrCreateReturnTypeDescriptor(Ljava/lang/reflect/Method;)Lorg/spring
Event: 42.872 Thread 0x00000286729cd000 DEOPT PACKING pc=0x00000286606b336c sp=0x000000aa020fb000
Event: 42.872 Thread 0x00000286729cd000 DEOPT UNPACKING pc=0x000002865852a1af sp=0x000000aa020fafb0 mode 2
Event: 42.873 Thread 0x00000286729cd000 Uncommon trap: trap_request=0xffffff4d fr.pc=0x00000286606fb784 relative=0x00000000000023c4
Event: 42.874 Thread 0x00000286729cd000 Uncommon trap: reason=unstable_if action=reinterpret pc=0x00000286606fb784 method=com.fasterxml.jackson.databind.ser.impl.PropertySerializerMap$Multi.serializerFor(Ljava/lang/Class;)Lcom/fasterxml/jackson/databind/JsonSerializer; @ 32 c2
Event: 42.874 Thread 0x00000286729cd000 DEOPT PACKING pc=0x00000286606fb784 sp=0x000000aa020fc260
Event: 42.874 Thread 0x00000286729cd000 DEOPT UNPACKING pc=0x000002865852a1af sp=0x000000aa020fbf20 mode 2

Classes redefined (0 events):
No events

Internal exceptions (20 events):
Event: 18.997 Thread 0x000002866f7b4800 Exception <a 'java/lang/ClassNotFoundException'{0x00000000a60ef650}: org/springframework/beans/factory/AwareCustomizer> (0x00000000a60ef650) thrown at [./src/hotspot/share/classfile/systemDictionary.cpp, line 231]
Event: 18.998 Thread 0x000002866f7b4800 Exception <a 'java/lang/ClassNotFoundException'{0x00000000a60ffac0}: org/springframework/web/context/ServletContextAwareCustomizer> (0x00000000a60ffac0) thrown at [./src/hotspot/share/classfile/systemDictionary.cpp, line 231]
Event: 19.000 Thread 0x000002866f7b4800 Exception <a 'java/lang/ClassNotFoundException'{0x00000000a5f0fc38}: org/springframework/beans/factory/AwareCustomizer> (0x00000000a5f0fc38) thrown at [./src/hotspot/share/classfile/systemDictionary.cpp, line 231]
Event: 19.373 Thread 0x000002866f7b4800 Exception <a 'java/lang/NoSuchMethodError'{0x00000000a58fd5a0}: 'void java.lang.invoke.DirectMethodHandle$Holder.invokeVirtual(java.lang.Object, java.lang.Object, int)'> (0x00000000a58fd5a0) thrown at [./src/hotspot/share/interpreter/linkResolver.cpp, line 773]
Event: 19.376 Thread 0x000002866f7b4800 Exception <a 'java/lang/NoSuchMethodError'{0x00000000a5717620}: 'void java.lang.invoke.DirectMethodHandle$Holder.invokeVirtual(java.lang.Object, java.lang.Object, long)'> (0x00000000a5717620) thrown at [./src/hotspot/share/interpreter/linkResolver.cpp, line 773]
Event: 19.881 Thread 0x000002866f7b4800 Exception <a 'java/lang/IncompatibleClassChangeError'{0x00000000a506e7a0}: Found class java.lang.Object, but interface was expected> (0x00000000a506e7a0) thrown at [./src/hotspot/share/interpreter/linkResolver.cpp, line 839]
Event: 20.059 Thread 0x000002866f7b4800 Implicit null exception at 0x00000286600dbd5a to 0x00000286600dbf84
Event: 20.239 Thread 0x000002866f7b4800 Exception <a 'java/lang/NoSuchMethodError'{0x00000000a4a3e968}: 'java.lang.Object java.lang.invoke.DirectMethodHandle$Holder.invokeSpecial(java.lang.Object, java.lang.Object, int, java.lang.Object, int, java.lang.Object)'> (0x00000000a4a3e968) thrown at [./src/hotspot/share/interpreter/linkResolver.cpp, line 773]
Event: 20.240 Thread 0x000002866f7b4800 Exception <a 'java/lang/NoSuchMethodError'{0x00000000a4a460f8}: 'java.lang.Object java.lang.invoke.DirectMethodHandle$Holder.invokeStatic(java.lang.Object, java.lang.Object, int, java.lang.Object, int)'> (0x00000000a4a460f8) thrown at [./src/hotspot/share/interpreter/linkResolver.cpp, line 773]
Event: 20.241 Thread 0x000002866f7b4800 Exception <a 'java/lang/NoSuchMethodError'{0x00000000a4a498d8}: 'java.lang.Object java.lang.invoke.DirectMethodHandle$Holder.invokeSpecial(java.lang.Object, java.lang.Object, java.lang.Object, int, java.lang.Object, int)'> (0x00000000a4a498d8) thrown at [./src/hotspot/share/interpreter/linkResolver.cpp, line 773]
Event: 20.244 Thread 0x000002866f7b4800 Exception <a 'java/lang/NoSuchMethodError'{0x00000000a4a53fb8}: 'void java.lang.invoke.DirectMethodHandle$Holder.invokeVirtual(java.lang.Object, java.lang.Object)'> (0x00000000a4a53fb8) thrown at [./src/hotspot/share/interpreter/linkResolver.cpp, line 773]
Event: 25.124 Thread 0x0000028673912800 Implicit null exception at 0x00000286604196b7 to 0x0000028660419787
Event: 34.487 Thread 0x0000028673912000 Implicit null exception at 0x00000286604f9056 to 0x00000286604f95b0
Event: 34.487 Thread 0x0000028673912000 Implicit null exception at 0x00000286604bcd39 to 0x00000286604bd1b4
Event: 34.487 Thread 0x0000028673912800 Implicit null exception at 0x0000028660532439 to 0x000002866053252c
Event: 34.492 Thread 0x0000028673912000 Implicit null exception at 0x000002866059cb8b to 0x00000286605a1c60
Event: 34.492 Thread 0x0000028673912800 Implicit null exception at 0x00000286604dc532 to 0x00000286604dc864
Event: 34.492 Thread 0x0000028673912000 Implicit null exception at 0x000002866012172a to 0x0000028660121908
Event: 34.593 Thread 0x0000028673912800 Implicit null exception at 0x000002866052855b to 0x00000286605285fc
Event: 34.678 Thread 0x00000286729d0000 Implicit null exception at 0x00000286605344fd to 0x0000028660534964

Events (20 events):
Event: 44.601 Thread 0x000002866e298800 flushing nmethod 0x0000028658d09e10
Event: 44.601 Thread 0x000002866e298800 flushing nmethod 0x0000028658d0a610
Event: 44.601 Thread 0x000002866e298800 flushing nmethod 0x0000028658d1e110
Event: 44.601 Thread 0x000002866e298800 flushing nmethod 0x0000028658d2f010
Event: 44.601 Thread 0x000002866e298800 flushing nmethod 0x0000028658d37c10
Event: 44.601 Thread 0x000002866e298800 flushing nmethod 0x0000028658d46e10
Event: 44.601 Thread 0x000002866e298800 flushing nmethod 0x0000028658d4cb10
Event: 44.601 Thread 0x000002866e298800 flushing nmethod 0x0000028658d4d010
Event: 44.601 Thread 0x000002866e298800 flushing nmethod 0x0000028658d4d390
Event: 44.601 Thread 0x000002866e298800 flushing nmethod 0x0000028658d4d810
Event: 44.602 Thread 0x000002866e298800 flushing nmethod 0x0000028658d55610
Event: 44.602 Thread 0x000002866e298800 flushing nmethod 0x0000028658d58290
Event: 44.602 Thread 0x000002866e298800 flushing nmethod 0x0000028658d59710
Event: 44.602 Thread 0x000002866e298800 flushing nmethod 0x0000028658d5cd90
Event: 44.602 Thread 0x000002866e298800 flushing nmethod 0x0000028658d5d490
Event: 44.602 Thread 0x000002866e298800 flushing nmethod 0x0000028658d68a90
Event: 44.602 Thread 0x000002866e298800 flushing nmethod 0x0000028658d6a410
Event: 44.602 Thread 0x000002866e298800 flushing nmethod 0x0000028658d6f810
Event: 44.602 Thread 0x000002866e298800 flushing nmethod 0x0000028658d79110
Event: 44.602 Thread 0x000002866e298800 flushing nmethod 0x0000028658d80090


Dynamic libraries:
0x00007ff7e1c30000 - 0x00007ff7e1c3d000 	C:\Program Files\Eclipse Adoptium\jdk-11.0.13.8-hotspot\bin\java.exe
0x00007ffe05920000 - 0x00007ffe05b27000 	C:\WINDOWS\SYSTEM32\ntdll.dll
0x00007ffe04130000 - 0x00007ffe041ed000 	C:\WINDOWS\System32\KERNEL32.DLL
0x00007ffe02fe0000 - 0x00007ffe03354000 	C:\WINDOWS\System32\KERNELBASE.dll
0x00007ffe03660000 - 0x00007ffe03771000 	C:\WINDOWS\System32\ucrtbase.dll
0x00007ffde7b80000 - 0x00007ffde7b95000 	C:\Program Files\Eclipse Adoptium\jdk-11.0.13.8-hotspot\bin\VCRUNTIME140.dll
0x00007ffddc430000 - 0x00007ffddc447000 	C:\Program Files\Eclipse Adoptium\jdk-11.0.13.8-hotspot\bin\jli.dll
0x00007ffe05050000 - 0x00007ffe051fc000 	C:\WINDOWS\System32\USER32.dll
0x00007ffe03780000 - 0x00007ffe037a6000 	C:\WINDOWS\System32\win32u.dll
0x00007ffe04010000 - 0x00007ffe04039000 	C:\WINDOWS\System32\GDI32.dll
0x00007ffe03360000 - 0x00007ffe03472000 	C:\WINDOWS\System32\gdi32full.dll
0x00007ffe03500000 - 0x00007ffe0359d000 	C:\WINDOWS\System32\msvcp_win.dll
0x00007ffde8800000 - 0x00007ffde8aa5000 	C:\WINDOWS\WinSxS\amd64_microsoft.windows.common-controls_6595b64144ccf1df_6.0.22000.120_none_9d947278b86cc467\COMCTL32.dll
0x00007ffe037b0000 - 0x00007ffe03853000 	C:\WINDOWS\System32\msvcrt.dll
0x00007ffe048c0000 - 0x00007ffe048f1000 	C:\WINDOWS\System32\IMM32.DLL
0x00007ffddc390000 - 0x00007ffddc42b000 	C:\Program Files\Eclipse Adoptium\jdk-11.0.13.8-hotspot\bin\msvcp140.dll
0x00007ffd8eff0000 - 0x00007ffd8fb6e000 	C:\Program Files\Eclipse Adoptium\jdk-11.0.13.8-hotspot\bin\server\jvm.dll
0x00007ffe04600000 - 0x00007ffe046ac000 	C:\WINDOWS\System32\ADVAPI32.dll
0x00007ffe053a0000 - 0x00007ffe0543d000 	C:\WINDOWS\System32\sechost.dll
0x00007ffe05200000 - 0x00007ffe05321000 	C:\WINDOWS\System32\RPCRT4.dll
0x00007ffde4470000 - 0x00007ffde4479000 	C:\WINDOWS\SYSTEM32\WSOCK32.dll
0x00007ffe04590000 - 0x00007ffe045ff000 	C:\WINDOWS\System32\WS2_32.dll
0x00007ffdfb8e0000 - 0x00007ffdfb8ea000 	C:\WINDOWS\SYSTEM32\VERSION.dll
0x00007ffe041f0000 - 0x00007ffe041f8000 	C:\WINDOWS\System32\PSAPI.DLL
0x00007ffdfcbe0000 - 0x00007ffdfcc13000 	C:\WINDOWS\SYSTEM32\WINMM.dll
0x00007ffe01f20000 - 0x00007ffe01f38000 	C:\WINDOWS\SYSTEM32\kernel.appcore.dll
0x00007ffdfe190000 - 0x00007ffdfe1a0000 	C:\Program Files\Eclipse Adoptium\jdk-11.0.13.8-hotspot\bin\verify.dll
0x00007ffde9f80000 - 0x00007ffdea1a1000 	C:\WINDOWS\SYSTEM32\DBGHELP.DLL
0x00007ffde9630000 - 0x00007ffde9661000 	C:\WINDOWS\SYSTEM32\dbgcore.DLL
0x00007ffe03480000 - 0x00007ffe034ff000 	C:\WINDOWS\System32\bcryptPrimitives.dll
0x00007ffddc360000 - 0x00007ffddc388000 	C:\Program Files\Eclipse Adoptium\jdk-11.0.13.8-hotspot\bin\java.dll
0x00007ffde7bb0000 - 0x00007ffde7bba000 	C:\Program Files\Eclipse Adoptium\jdk-11.0.13.8-hotspot\bin\jimage.dll
0x00007ffddc340000 - 0x00007ffddc357000 	C:\Program Files\Eclipse Adoptium\jdk-11.0.13.8-hotspot\bin\zip.dll
0x00007ffe03860000 - 0x00007ffe0400e000 	C:\WINDOWS\System32\SHELL32.dll
0x00007ffe00fa0000 - 0x00007ffe01807000 	C:\WINDOWS\SYSTEM32\windows.storage.dll
0x00007ffe04a60000 - 0x00007ffe04dd8000 	C:\WINDOWS\System32\combase.dll
0x00007ffe00e30000 - 0x00007ffe00f96000 	C:\WINDOWS\SYSTEM32\wintypes.dll
0x00007ffe046b0000 - 0x00007ffe0479a000 	C:\WINDOWS\System32\SHCORE.dll
0x00007ffe04450000 - 0x00007ffe044ad000 	C:\WINDOWS\System32\shlwapi.dll
0x00007ffe02d30000 - 0x00007ffe02d51000 	C:\WINDOWS\SYSTEM32\profapi.dll
0x00007ffddc2e0000 - 0x00007ffddc2f9000 	C:\Program Files\Eclipse Adoptium\jdk-11.0.13.8-hotspot\bin\net.dll
0x00007ffdfca10000 - 0x00007ffdfcb1c000 	C:\WINDOWS\SYSTEM32\WINHTTP.dll
0x00007ffe02330000 - 0x00007ffe02397000 	C:\WINDOWS\system32\mswsock.dll
0x00007ffddc2c0000 - 0x00007ffddc2d2000 	C:\Program Files\Eclipse Adoptium\jdk-11.0.13.8-hotspot\bin\nio.dll
0x00007ffddffa0000 - 0x00007ffddffa9000 	C:\Program Files\Eclipse Adoptium\jdk-11.0.13.8-hotspot\bin\management.dll
0x00007ffddc2b0000 - 0x00007ffddc2bb000 	C:\Program Files\Eclipse Adoptium\jdk-11.0.13.8-hotspot\bin\management_ext.dll
0x00007ffddf360000 - 0x00007ffddf377000 	C:\WINDOWS\system32\napinsp.dll
0x00007ffddf310000 - 0x00007ffddf32b000 	C:\WINDOWS\system32\pnrpnsp.dll
0x00007ffe01a90000 - 0x00007ffe01b77000 	C:\WINDOWS\SYSTEM32\DNSAPI.dll
0x00007ffe01a60000 - 0x00007ffe01a8d000 	C:\WINDOWS\SYSTEM32\IPHLPAPI.DLL
0x00007ffe04900000 - 0x00007ffe04909000 	C:\WINDOWS\System32\NSI.dll
0x00007ffddf250000 - 0x00007ffddf262000 	C:\WINDOWS\System32\winrnr.dll
0x00007ffdfbbf0000 - 0x00007ffdfbc05000 	C:\WINDOWS\system32\wshbth.dll
0x00007ffddf230000 - 0x00007ffddf24f000 	C:\WINDOWS\system32\nlansp_c.dll
0x00007ffdedb80000 - 0x00007ffdedb8a000 	C:\Windows\System32\rasadhlp.dll
0x00007ffdfb140000 - 0x00007ffdfb1c1000 	C:\WINDOWS\System32\fwpuclnt.dll
0x00007ffe02570000 - 0x00007ffe02588000 	C:\WINDOWS\SYSTEM32\CRYPTSP.dll
0x00007ffe01e80000 - 0x00007ffe01eb5000 	C:\WINDOWS\system32\rsaenh.dll
0x00007ffe02420000 - 0x00007ffe02449000 	C:\WINDOWS\SYSTEM32\USERENV.dll
0x00007ffe026f0000 - 0x00007ffe02717000 	C:\WINDOWS\SYSTEM32\bcrypt.dll
0x00007ffe02590000 - 0x00007ffe0259c000 	C:\WINDOWS\SYSTEM32\CRYPTBASE.dll
0x00007ffdfc5e0000 - 0x00007ffdfc5f9000 	C:\WINDOWS\SYSTEM32\dhcpcsvc6.DLL
0x00007ffdfd370000 - 0x00007ffdfd38e000 	C:\WINDOWS\SYSTEM32\dhcpcsvc.DLL
0x00007ffdf0d20000 - 0x00007ffdf0d45000 	C:\Program Files\Eclipse Adoptium\jdk-11.0.13.8-hotspot\bin\sunec.dll

dbghelp: loaded successfully - version: 4.0.5 - missing functions: none
symbol engine: initialized successfully - sym options: 0x614 - pdb path: .;C:\Program Files\Eclipse Adoptium\jdk-11.0.13.8-hotspot\bin;C:\WINDOWS\SYSTEM32;C:\WINDOWS\WinSxS\amd64_microsoft.windows.common-controls_6595b64144ccf1df_6.0.22000.120_none_9d947278b86cc467;C:\Program Files\Eclipse Adoptium\jdk-11.0.13.8-hotspot\bin\server

VM Arguments:
jvm_args: -Dfile.encoding=windows-1252 -Duser.country=US -Duser.language=en -Duser.variant 
java_command: com.recolectaesp.API.ApiApplication
java_class_path (initial): C:\Proyecto SB\API\API\build\classes\java\main;C:\Proyecto SB\API\API\build\resources\main;C:\Users\Holman\.gradle\caches\modules-2\files-2.1\org.springframework.boot\spring-boot-devtools\2.6.0\aa36b42033b045d6e20b39ef20848e864275b28f\spring-boot-devtools-2.6.0.jar;C:\Users\Holman\.gradle\caches\modules-2\files-2.1\org.mapstruct\mapstruct\1.4.2.Final\68d82e631f75d073b3a432cb6cc1920fec57357b\mapstruct-1.4.2.Final.jar;C:\Users\Holman\.gradle\caches\modules-2\files-2.1\org.springframework.boot\spring-boot-starter-validation\2.6.0\1d95c8060436fa20bec403daff713d9471a45e58\spring-boot-starter-validation-2.6.0.jar;C:\Users\Holman\.gradle\caches\modules-2\files-2.1\org.springframework.boot\spring-boot-starter-data-jpa\2.6.0\515f5ccf433b375ffdf6ffec27fb08cae3fedaba\spring-boot-starter-data-jpa-2.6.0.jar;C:\Users\Holman\.gradle\caches\modules-2\files-2.1\org.springframework.boot\spring-boot-starter-web\2.6.0\483a28b67c507a21b8c4ff62d88cd811911e5641\spring-boot-starter-web-2.6.0.jar;C:\Users\Holman\.gradle\caches\modules-2\files-2.1\com.oracle.database.jdbc\ojdbc8\21.3.0.0\73649ab9bfb94daa4df21b80c98ac35aea4aa2f5\ojdbc8-21.3.0.0.jar;C:\Users\Holman\.gradle\caches\modules-2\files-2.1\org.springframework.boot\spring-boot-starter-aop\2.6.0\2f63ef462b61a2198b40a6ea62defb9d5088b077\spring-boot-starter-aop-2.6.0.jar;C:\Users\Holman\.gradle\caches\modules-2\files-2.1\org.springframework.boot\spring-boot-starter-jdbc\2.6.0\4281c2237b3fafef40c94cef29623e920b633ab9\spring-boot-starter-jdbc-2.6.0.jar;C:\Users\Holman\.gradle\caches\modules-2\files-2.1\org.springframework.boot\spring-boot-starter-json\2.6.0\d7b0cf3701abc37d97097bcf9450393c3439fe65\spring-boot-starter-json-2.6.0.jar;C:\Users\Holman\.gradle\caches\modules-2\files-2.1\org.springframework.boot\spring-boot-starter\2.6.0\eaa73f531e85b785b1ba27ff0abf6ced47a79e8d\spring-boot-starter-2.6.0.jar;C:\Users\Holman\.gradle\caches\modules-2\files-2.1\org.springframework.boot\spring-boot-autoconfigure\2.6.0\ace
Launcher Type: SUN_STANDARD

[Global flags]
     intx CICompilerCount                          = 4                                         {product} {ergonomic}
     uint ConcGCThreads                            = 2                                         {product} {ergonomic}
     uint G1ConcRefinementThreads                  = 8                                         {product} {ergonomic}
   size_t G1HeapRegionSize                         = 1048576                                   {product} {ergonomic}
    uintx GCDrainStackTargetSize                   = 64                                        {product} {ergonomic}
   size_t InitialHeapSize                          = 100663296                                 {product} {ergonomic}
   size_t MarkStackSize                            = 4194304                                   {product} {ergonomic}
   size_t MaxHeapSize                              = 1589641216                                {product} {ergonomic}
   size_t MaxNewSize                               = 953155584                                 {product} {ergonomic}
   size_t MinHeapDeltaBytes                        = 1048576                                   {product} {ergonomic}
    uintx NonNMethodCodeHeapSize                   = 5836300                                {pd product} {ergonomic}
    uintx NonProfiledCodeHeapSize                  = 122910970                              {pd product} {ergonomic}
    uintx ProfiledCodeHeapSize                     = 122910970                              {pd product} {ergonomic}
    uintx ReservedCodeCacheSize                    = 251658240                              {pd product} {ergonomic}
     bool SegmentedCodeCache                       = true                                      {product} {ergonomic}
     bool UseCompressedClassPointers               = true                                 {lp64_product} {ergonomic}
     bool UseCompressedOops                        = true                                 {lp64_product} {ergonomic}
     bool UseG1GC                                  = true                                      {product} {ergonomic}
     bool UseLargePagesIndividualAllocation        = false                                  {pd product} {ergonomic}

Logging:
Log output configuration:
 #0: stdout all=warning uptime,level,tags
 #1: stderr all=off uptime,level,tags

Environment Variables:
JAVA_HOME=C:\Program Files\Eclipse Adoptium\jdk-11.0.13.8-hotspot\
PATH=C:\Program Files\Eclipse Adoptium\jdk-11.0.13.8-hotspot\bin;C:\Program Files\Common Files\Oracle\Java\javapath;C:\app\Holman\product\18.0.0\dbhomeXE\bin;C:\Program Files (x86)\Common Files\Oracle\Java\javapath;C:\WINDOWS\system32;C:\WINDOWS;C:\WINDOWS\System32\Wbem;C:\WINDOWS\System32\WindowsPowerShell\v1.0\;C:\WINDOWS\System32\OpenSSH\;C:\Program Files\dotnet\;C:\Program Files\Microsoft SQL Server\130\Tools\Binn\;C:\Program Files\Microsoft SQL Server\Client SDK\ODBC\170\Tools\Binn\;C:\Program Files\nodejs\;C:\Program Files\nodejs;C:\Program Files\Git\cmd;C:\Program Files\Eclipse Adoptium\jdk-11.0.13.8-hotspot\\bin;C:\Program Files\apache-maven-3.8.3-bin\apache-maven-3.8.3\bin;C:\Users\Holman\AppData\Local\Microsoft\WindowsApps;C:\Users\Holman\.dotnet\tools;C:\Users\Holman\AppData\Local\Programs\Microsoft VS Code\bin;C:\Users\Holman\AppData\Roaming\npm;C:\Program Files\JetBrains\IntelliJ IDEA Community Edition 2021.2.3\bin;;C:\Users\Holman\AppData\Local\GitHubDesktop\bin
USERNAME=Holman
OS=Windows_NT
PROCESSOR_IDENTIFIER=AMD64 Family 23 Model 24 Stepping 1, AuthenticAMD



---------------  S Y S T E M  ---------------

OS: Windows 10 , 64 bit Build 22000 (10.0.22000.318)
OS uptime: 0 days 1:51 hours

CPU:total 8 (initial active 8) (8 cores per cpu, 2 threads per core) family 23 model 24 stepping 1 microcode 0x0, cmov, cx8, fxsr, mmx, sse, sse2, sse3, ssse3, sse4.1, sse4.2, popcnt, avx, avx2, aes, clmul, mmxext, 3dnowpref, lzcnt, sse4a, ht, tsc, tscinvbit, tscinv, bmi1, bmi2, adx, sha, fma

Memory: 4k page, system-wide physical 6058M (332M free)
TotalPageFile size 24490M (AvailPageFile size 1M)
current process WorkingSet (physical memory assigned to process): 314M, peak: 319M
current process commit charge ("private bytes"): 363M, peak: 371M

vm_info: OpenJDK 64-Bit Server VM (11.0.13+8) for windows-amd64 JRE (11.0.13+8), built on Oct 19 2021 17:05:59 by "" with unknown MS VC++:1916

END.
